[debug] [2025-01-17T08:45:05.371Z] ----------------------------------------------------------------------
[debug] [2025-01-17T08:45:05.373Z] Command:       /Users/mac/.nvm/versions/node/v20.18.0/bin/node /usr/local/bin/firebase deploy
[debug] [2025-01-17T08:45:05.374Z] CLI Version:   13.25.0
[debug] [2025-01-17T08:45:05.374Z] Platform:      darwin
[debug] [2025-01-17T08:45:05.374Z] Node Version:  v20.18.0
[debug] [2025-01-17T08:45:05.374Z] Time:          Fri Jan 17 2025 16:45:05 GMT+0800 (Singapore Standard Time)
[debug] [2025-01-17T08:45:05.374Z] ----------------------------------------------------------------------
[debug] 
[debug] [2025-01-17T08:45:05.433Z] > command requires scopes: ["email","openid","https://www.googleapis.com/auth/cloudplatformprojects.readonly","https://www.googleapis.com/auth/firebase","https://www.googleapis.com/auth/cloud-platform"]
[debug] [2025-01-17T08:45:05.433Z] > authorizing via signed-in user (hilyatulw@gmail.com)
[debug] [2025-01-17T08:45:05.433Z] [iam] checking project abigold for permissions ["firebase.projects.get","firebasehosting.sites.update"]
[debug] [2025-01-17T08:45:05.434Z] Checked if tokens are valid: true, expires at: 1737105639209
[debug] [2025-01-17T08:45:05.435Z] Checked if tokens are valid: true, expires at: 1737105639209
[debug] [2025-01-17T08:45:05.436Z] >>> [apiv2][query] POST https://cloudresourcemanager.googleapis.com/v1/projects/abigold:testIamPermissions [none]
[debug] [2025-01-17T08:45:05.436Z] >>> [apiv2][(partial)header] POST https://cloudresourcemanager.googleapis.com/v1/projects/abigold:testIamPermissions x-goog-quota-user=projects/abigold
[debug] [2025-01-17T08:45:05.436Z] >>> [apiv2][body] POST https://cloudresourcemanager.googleapis.com/v1/projects/abigold:testIamPermissions {"permissions":["firebase.projects.get","firebasehosting.sites.update"]}
[debug] [2025-01-17T08:45:06.599Z] <<< [apiv2][status] POST https://cloudresourcemanager.googleapis.com/v1/projects/abigold:testIamPermissions 200
[debug] [2025-01-17T08:45:06.599Z] <<< [apiv2][body] POST https://cloudresourcemanager.googleapis.com/v1/projects/abigold:testIamPermissions {"permissions":["firebase.projects.get","firebasehosting.sites.update"]}
[debug] [2025-01-17T08:45:06.600Z] Checked if tokens are valid: true, expires at: 1737105639209
[debug] [2025-01-17T08:45:06.600Z] Checked if tokens are valid: true, expires at: 1737105639209
[debug] [2025-01-17T08:45:06.601Z] >>> [apiv2][query] GET https://firebase.googleapis.com/v1beta1/projects/abigold [none]
[debug] [2025-01-17T08:45:07.137Z] <<< [apiv2][status] GET https://firebase.googleapis.com/v1beta1/projects/abigold 200
[debug] [2025-01-17T08:45:07.137Z] <<< [apiv2][body] GET https://firebase.googleapis.com/v1beta1/projects/abigold {"projectId":"abigold","projectNumber":"14598389782","displayName":"abigold","name":"projects/abigold","resources":{"hostingSite":"abigold","realtimeDatabaseInstance":"abigold-default-rtdb"},"state":"ACTIVE","etag":"1_a0eb6b8c-d33d-4cb8-8ab2-281642741ebf"}
[debug] [2025-01-17T08:45:08.502Z] Checked if tokens are valid: true, expires at: 1737105639209
[debug] [2025-01-17T08:45:08.502Z] Checked if tokens are valid: true, expires at: 1737105639209
[debug] [2025-01-17T08:45:08.502Z] >>> [apiv2][query] GET https://firebasehosting.googleapis.com/v1beta1/projects/abigold/sites pageToken=&pageSize=10
[debug] [2025-01-17T08:45:09.226Z] <<< [apiv2][status] GET https://firebasehosting.googleapis.com/v1beta1/projects/abigold/sites 200
[debug] [2025-01-17T08:45:09.226Z] <<< [apiv2][body] GET https://firebasehosting.googleapis.com/v1beta1/projects/abigold/sites {"sites":[{"name":"projects/abigold/sites/abigold","defaultUrl":"https://abigold.web.app","type":"DEFAULT_SITE"}]}
[debug] [2025-01-17T08:45:09.226Z] Checked if tokens are valid: true, expires at: 1737105639209
[debug] [2025-01-17T08:45:09.227Z] Checked if tokens are valid: true, expires at: 1737105639209
[debug] [2025-01-17T08:45:09.227Z] >>> [apiv2][query] GET https://firebasehosting.googleapis.com/v1beta1/projects/abigold/sites 
[debug] [2025-01-17T08:45:09.658Z] <<< [apiv2][status] GET https://firebasehosting.googleapis.com/v1beta1/projects/abigold/sites 200
[debug] [2025-01-17T08:45:09.658Z] <<< [apiv2][body] GET https://firebasehosting.googleapis.com/v1beta1/projects/abigold/sites {"sites":[{"name":"projects/abigold/sites/abigold","defaultUrl":"https://abigold.web.app","type":"DEFAULT_SITE"}]}
[debug] [2025-01-17T08:45:09.658Z] Checked if tokens are valid: true, expires at: 1737105639209
[debug] [2025-01-17T08:45:09.658Z] Checked if tokens are valid: true, expires at: 1737105639209
[debug] [2025-01-17T08:45:09.658Z] >>> [apiv2][query] GET https://firebase.googleapis.com/v1beta1/projects/abigold/webApps/-/config [none]
[debug] [2025-01-17T08:45:10.727Z] <<< [apiv2][status] GET https://firebase.googleapis.com/v1beta1/projects/abigold/webApps/-/config 200
[debug] [2025-01-17T08:45:10.727Z] <<< [apiv2][body] GET https://firebase.googleapis.com/v1beta1/projects/abigold/webApps/-/config {"projectId":"abigold","appId":"1:14598389782:web:51530c5be05abb7668f537","databaseURL":"https://abigold-default-rtdb.asia-southeast1.firebasedatabase.app","storageBucket":"abigold.firebasestorage.app","apiKey":"AIzaSyCXQWPKOKImeobMyNntaNzelqm2GMmultk","authDomain":"abigold.firebaseapp.com","messagingSenderId":"14598389782","measurementId":"G-1T42L7QE8M"}
[info] 
   Thank you for trying our early preview of Next.js support on Firebase Hosting.
   During the preview, support is best-effort and breaking changes can be expected. Proceed with caution.

   Documentation: https://firebase.google.com/docs/hosting/frameworks/nextjs
   File a bug: https://github.com/firebase/firebase-tools/issues/new?template=bug_report.md
   Submit a feature request: https://github.com/firebase/firebase-tools/issues/new?template=feature_request.md

   We'd love to learn from you. Express your interest in helping us shape the future of Firebase Hosting: https://goo.gle/41enW5X

[debug] [2025-01-17T08:45:13.364Z] Checked if tokens are valid: true, expires at: 1737105639209
[debug] [2025-01-17T08:45:13.364Z] Checked if tokens are valid: true, expires at: 1737105639209
[debug] [2025-01-17T08:45:13.364Z] >>> [apiv2][query] GET https://firebasehosting.googleapis.com/v1beta1/projects/abigold/sites/abigold [none]
[debug] [2025-01-17T08:45:13.687Z] <<< [apiv2][status] GET https://firebasehosting.googleapis.com/v1beta1/projects/abigold/sites/abigold 200
[debug] [2025-01-17T08:45:13.687Z] <<< [apiv2][body] GET https://firebasehosting.googleapis.com/v1beta1/projects/abigold/sites/abigold {"name":"projects/abigold/sites/abigold","defaultUrl":"https://abigold.web.app","type":"DEFAULT_SITE"}
[info]   ▲ Next.js 14.2.14

[info]   - Environments: .env


[info]    Creating an optimized production build ...

[info]  ✓ Compiled successfully

[info]    Linting and checking validity of types ...

[info]    Collecting page data ...

[info]    Generating static pages (0/10) ...

[info]    Generating static pages (2/10) 

[info]    Generating static pages (4/10) 

[info]    Generating static pages (7/10) 

[info]  ✓ Generating static pages (10/10)

[info]    Finalizing page optimization ...
   Collecting build traces ...

[info] 

[info] Route (app)                              Size     First Load JS
┌ ○ /                                    247 kB          458 kB
├ ○ /_not-found                          138 B          87.5 kB
├ ○ /admin                               523 B           211 kB
├ ○ /authentification                    1.59 kB         212 kB
├ ○ /login                               1.37 kB         198 kB
├ ○ /privacy                             1.59 kB         212 kB
└ ○ /syarat                              1.58 kB         212 kB
+ First Load JS shared by all            87.3 kB
  ├ chunks/117-b87cc4ff731a801c.js       31.6 kB
  ├ chunks/fd9d1056-819ce3c85e39ec29.js  53.6 kB
  └ other shared chunks (total)          2.09 kB



[info] ○  (Static)  prerendered as static content


[info] Building a Cloud Function to run this application. This is needed due to:
[info]  • Image Optimization
[info] 
[debug] [2025-01-17T08:45:31.714Z] Checked if tokens are valid: true, expires at: 1737105639209
[debug] [2025-01-17T08:45:31.714Z] Checked if tokens are valid: true, expires at: 1737105639209
[debug] [2025-01-17T08:45:31.715Z] >>> [apiv2][query] GET https://firebasehosting.googleapis.com/v1beta1/projects/abigold/sites/abigold [none]
[debug] [2025-01-17T08:45:32.349Z] <<< [apiv2][status] GET https://firebasehosting.googleapis.com/v1beta1/projects/abigold/sites/abigold 200
[debug] [2025-01-17T08:45:32.349Z] <<< [apiv2][body] GET https://firebasehosting.googleapis.com/v1beta1/projects/abigold/sites/abigold {"name":"projects/abigold/sites/abigold","defaultUrl":"https://abigold.web.app","type":"DEFAULT_SITE"}
[debug] [2025-01-17T08:45:33.877Z] [web frameworks] effective firebase.json:  {
  "hosting": [
    {
      "source": ".",
      "ignore": [
        "firebase.json",
        "**/.*",
        "**/node_modules/**"
      ],
      "frameworksBackend": {
        "region": "asia-east1"
      },
      "site": "abigold",
      "rewrites": [
        {
          "source": "**",
          "function": {
            "functionId": "ssrabigold",
            "region": "asia-east1",
            "pinTag": true
          }
        }
      ],
      "redirects": [],
      "headers": [
        {
          "source": "/admin",
          "headers": [
            {
              "key": "x-next-cache-tags",
              "value": "_N_T_/layout,_N_T_/admin/layout,_N_T_/admin/page,_N_T_/admin"
            }
          ]
        },
        {
          "source": "/favicon.ico",
          "headers": [
            {
              "key": "cache-control",
              "value": "public, max-age=0, must-revalidate"
            },
            {
              "key": "content-type",
              "value": "image/x-icon"
            },
            {
              "key": "x-next-cache-tags",
              "value": "_N_T_/layout,_N_T_/favicon.ico/layout,_N_T_/favicon.ico/route,_N_T_/favicon.ico"
            }
          ]
        },
        {
          "source": "/authentification",
          "headers": [
            {
              "key": "x-next-cache-tags",
              "value": "_N_T_/layout,_N_T_/authentification/layout,_N_T_/authentification/page,_N_T_/authentification"
            }
          ]
        },
        {
          "source": "/_not-found",
          "headers": [
            {
              "key": "x-next-cache-tags",
              "value": "_N_T_/layout,_N_T_/_not-found/layout,_N_T_/_not-found/page,_N_T_/_not-found"
            }
          ]
        },
        {
          "source": "/syarat",
          "headers": [
            {
              "key": "x-next-cache-tags",
              "value": "_N_T_/layout,_N_T_/syarat/layout,_N_T_/syarat/page,_N_T_/syarat"
            }
          ]
        },
        {
          "source": "/privacy",
          "headers": [
            {
              "key": "x-next-cache-tags",
              "value": "_N_T_/layout,_N_T_/privacy/layout,_N_T_/privacy/page,_N_T_/privacy"
            }
          ]
        },
        {
          "source": "/login",
          "headers": [
            {
              "key": "x-next-cache-tags",
              "value": "_N_T_/layout,_N_T_/login/layout,_N_T_/login/page,_N_T_/login"
            }
          ]
        },
        {
          "source": "**/*.[jt]s",
          "headers": [
            {
              "key": "Set-Cookie",
              "value": "__FIREBASE_DEFAULTS__=eyJjb25maWciOnsicHJvamVjdElkIjoiYWJpZ29sZCIsImFwcElkIjoiMToxNDU5ODM4OTc4Mjp3ZWI6NTE1MzBjNWJlMDVhYmI3NjY4ZjUzNyIsImRhdGFiYXNlVVJMIjoiaHR0cHM6Ly9hYmlnb2xkLWRlZmF1bHQtcnRkYi5hc2lhLXNvdXRoZWFzdDEuZmlyZWJhc2VkYXRhYmFzZS5hcHAiLCJzdG9yYWdlQnVja2V0IjoiYWJpZ29sZC5maXJlYmFzZXN0b3JhZ2UuYXBwIiwiYXBpS2V5IjoiQUl6YVN5Q1hRV1BLT0tJbWVvYk15Tm50YU56ZWxxbTJHTW11bHRrIiwiYXV0aERvbWFpbiI6ImFiaWdvbGQuZmlyZWJhc2VhcHAuY29tIiwibWVzc2FnaW5nU2VuZGVySWQiOiIxNDU5ODM4OTc4MiIsIm1lYXN1cmVtZW50SWQiOiJHLTFUNDJMN1FFOE0ifSwiX2F1dGhUb2tlblN5bmNVUkwiOiIvX19zZXNzaW9uIn0; SameSite=Strict; Expires=2026-12-12T19:25:33.877Z; Path=/;"
            }
          ]
        }
      ],
      "cleanUrls": true,
      "trailingSlash": false,
      "public": ".firebase/abigold/hosting",
      "webFramework": "next_ssr"
    }
  ],
  "functions": [
    {
      "source": ".firebase/abigold/functions",
      "codebase": "firebase-frameworks-abigold"
    }
  ]
}
[debug] [2025-01-17T08:45:33.877Z] > command requires scopes: ["email","openid","https://www.googleapis.com/auth/cloudplatformprojects.readonly","https://www.googleapis.com/auth/firebase","https://www.googleapis.com/auth/cloud-platform"]
[debug] [2025-01-17T08:45:33.877Z] > authorizing via signed-in user (hilyatulw@gmail.com)
[debug] [2025-01-17T08:45:33.878Z] [iam] checking project abigold for permissions ["cloudfunctions.functions.create","cloudfunctions.functions.delete","cloudfunctions.functions.get","cloudfunctions.functions.list","cloudfunctions.functions.update","cloudfunctions.operations.get","firebase.projects.get"]
[debug] [2025-01-17T08:45:33.878Z] Checked if tokens are valid: true, expires at: 1737105639209
[debug] [2025-01-17T08:45:33.878Z] Checked if tokens are valid: true, expires at: 1737105639209
[debug] [2025-01-17T08:45:33.878Z] >>> [apiv2][query] POST https://cloudresourcemanager.googleapis.com/v1/projects/abigold:testIamPermissions [none]
[debug] [2025-01-17T08:45:33.878Z] >>> [apiv2][(partial)header] POST https://cloudresourcemanager.googleapis.com/v1/projects/abigold:testIamPermissions x-goog-quota-user=projects/abigold
[debug] [2025-01-17T08:45:33.878Z] >>> [apiv2][body] POST https://cloudresourcemanager.googleapis.com/v1/projects/abigold:testIamPermissions {"permissions":["cloudfunctions.functions.create","cloudfunctions.functions.delete","cloudfunctions.functions.get","cloudfunctions.functions.list","cloudfunctions.functions.update","cloudfunctions.operations.get","firebase.projects.get"]}
[debug] [2025-01-17T08:45:34.915Z] <<< [apiv2][status] POST https://cloudresourcemanager.googleapis.com/v1/projects/abigold:testIamPermissions 200
[debug] [2025-01-17T08:45:34.916Z] <<< [apiv2][body] POST https://cloudresourcemanager.googleapis.com/v1/projects/abigold:testIamPermissions {"permissions":["cloudfunctions.functions.create","cloudfunctions.functions.delete","cloudfunctions.functions.get","cloudfunctions.functions.list","cloudfunctions.functions.update","cloudfunctions.operations.get","firebase.projects.get"]}
[info] 
[info] === Deploying to 'abigold'...
[info] 
[info] i  deploying functions, hosting 
[debug] [2025-01-17T08:45:34.918Z] Checked if tokens are valid: true, expires at: 1737105639209
[debug] [2025-01-17T08:45:34.918Z] Checked if tokens are valid: true, expires at: 1737105639209
[debug] [2025-01-17T08:45:34.918Z] >>> [apiv2][query] GET https://firebase.googleapis.com/v1beta1/projects/abigold [none]
[debug] [2025-01-17T08:45:35.428Z] <<< [apiv2][status] GET https://firebase.googleapis.com/v1beta1/projects/abigold 200
[debug] [2025-01-17T08:45:35.428Z] <<< [apiv2][body] GET https://firebase.googleapis.com/v1beta1/projects/abigold {"projectId":"abigold","projectNumber":"14598389782","displayName":"abigold","name":"projects/abigold","resources":{"hostingSite":"abigold","realtimeDatabaseInstance":"abigold-default-rtdb"},"state":"ACTIVE","etag":"1_a0eb6b8c-d33d-4cb8-8ab2-281642741ebf"}
[info] i  functions: preparing codebase firebase-frameworks-abigold for deployment 
[info] i  functions: ensuring required API cloudfunctions.googleapis.com is enabled... 
[debug] [2025-01-17T08:45:35.430Z] Checked if tokens are valid: true, expires at: 1737105639209
[debug] [2025-01-17T08:45:35.430Z] Checked if tokens are valid: true, expires at: 1737105639209
[debug] [2025-01-17T08:45:35.430Z] Checked if tokens are valid: true, expires at: 1737105639209
[debug] [2025-01-17T08:45:35.430Z] Checked if tokens are valid: true, expires at: 1737105639209
[info] i  functions: ensuring required API cloudbuild.googleapis.com is enabled... 
[debug] [2025-01-17T08:45:35.430Z] Checked if tokens are valid: true, expires at: 1737105639209
[debug] [2025-01-17T08:45:35.430Z] Checked if tokens are valid: true, expires at: 1737105639209
[info] i  artifactregistry: ensuring required API artifactregistry.googleapis.com is enabled... 
[debug] [2025-01-17T08:45:35.430Z] Checked if tokens are valid: true, expires at: 1737105639209
[debug] [2025-01-17T08:45:35.430Z] Checked if tokens are valid: true, expires at: 1737105639209
[debug] [2025-01-17T08:45:35.431Z] >>> [apiv2][query] GET https://serviceusage.googleapis.com/v1/projects/abigold/services/cloudfunctions.googleapis.com [none]
[debug] [2025-01-17T08:45:35.431Z] >>> [apiv2][(partial)header] GET https://serviceusage.googleapis.com/v1/projects/abigold/services/cloudfunctions.googleapis.com x-goog-quota-user=projects/abigold
[debug] [2025-01-17T08:45:35.432Z] >>> [apiv2][query] GET https://serviceusage.googleapis.com/v1/projects/abigold/services/runtimeconfig.googleapis.com [none]
[debug] [2025-01-17T08:45:35.432Z] >>> [apiv2][(partial)header] GET https://serviceusage.googleapis.com/v1/projects/abigold/services/runtimeconfig.googleapis.com x-goog-quota-user=projects/abigold
[debug] [2025-01-17T08:45:35.433Z] >>> [apiv2][query] GET https://serviceusage.googleapis.com/v1/projects/abigold/services/cloudbuild.googleapis.com [none]
[debug] [2025-01-17T08:45:35.433Z] >>> [apiv2][(partial)header] GET https://serviceusage.googleapis.com/v1/projects/abigold/services/cloudbuild.googleapis.com x-goog-quota-user=projects/abigold
[debug] [2025-01-17T08:45:35.435Z] >>> [apiv2][query] GET https://serviceusage.googleapis.com/v1/projects/abigold/services/artifactregistry.googleapis.com [none]
[debug] [2025-01-17T08:45:35.435Z] >>> [apiv2][(partial)header] GET https://serviceusage.googleapis.com/v1/projects/abigold/services/artifactregistry.googleapis.com x-goog-quota-user=projects/abigold
[debug] [2025-01-17T08:45:37.011Z] <<< [apiv2][status] GET https://serviceusage.googleapis.com/v1/projects/abigold/services/cloudfunctions.googleapis.com 200
[debug] [2025-01-17T08:45:37.011Z] <<< [apiv2][body] GET https://serviceusage.googleapis.com/v1/projects/abigold/services/cloudfunctions.googleapis.com [omitted]
[info] ✔  functions: required API cloudfunctions.googleapis.com is enabled 
[debug] [2025-01-17T08:45:37.014Z] <<< [apiv2][status] GET https://serviceusage.googleapis.com/v1/projects/abigold/services/runtimeconfig.googleapis.com 200
[debug] [2025-01-17T08:45:37.014Z] <<< [apiv2][body] GET https://serviceusage.googleapis.com/v1/projects/abigold/services/runtimeconfig.googleapis.com [omitted]
[debug] [2025-01-17T08:45:37.033Z] <<< [apiv2][status] GET https://serviceusage.googleapis.com/v1/projects/abigold/services/cloudbuild.googleapis.com 200
[debug] [2025-01-17T08:45:37.033Z] <<< [apiv2][body] GET https://serviceusage.googleapis.com/v1/projects/abigold/services/cloudbuild.googleapis.com [omitted]
[info] ✔  functions: required API cloudbuild.googleapis.com is enabled 
[debug] [2025-01-17T08:45:37.036Z] <<< [apiv2][status] GET https://serviceusage.googleapis.com/v1/projects/abigold/services/artifactregistry.googleapis.com 200
[debug] [2025-01-17T08:45:37.036Z] <<< [apiv2][body] GET https://serviceusage.googleapis.com/v1/projects/abigold/services/artifactregistry.googleapis.com [omitted]
[info] ✔  artifactregistry: required API artifactregistry.googleapis.com is enabled 
[debug] [2025-01-17T08:45:37.036Z] Checked if tokens are valid: true, expires at: 1737105639209
[debug] [2025-01-17T08:45:37.036Z] Checked if tokens are valid: true, expires at: 1737105639209
[debug] [2025-01-17T08:45:37.036Z] >>> [apiv2][query] GET https://firebase.googleapis.com/v1beta1/projects/abigold/adminSdkConfig [none]
[debug] [2025-01-17T08:45:37.972Z] <<< [apiv2][status] GET https://firebase.googleapis.com/v1beta1/projects/abigold/adminSdkConfig 200
[debug] [2025-01-17T08:45:37.972Z] <<< [apiv2][body] GET https://firebase.googleapis.com/v1beta1/projects/abigold/adminSdkConfig {"projectId":"abigold","databaseURL":"https://abigold-default-rtdb.asia-southeast1.firebasedatabase.app","storageBucket":"abigold.firebasestorage.app"}
[debug] [2025-01-17T08:45:37.973Z] Checked if tokens are valid: true, expires at: 1737105639209
[debug] [2025-01-17T08:45:37.973Z] Checked if tokens are valid: true, expires at: 1737105639209
[debug] [2025-01-17T08:45:37.973Z] >>> [apiv2][query] GET https://runtimeconfig.googleapis.com/v1beta1/projects/abigold/configs [none]
[debug] [2025-01-17T08:45:38.365Z] <<< [apiv2][status] GET https://runtimeconfig.googleapis.com/v1beta1/projects/abigold/configs 200
[debug] [2025-01-17T08:45:38.365Z] <<< [apiv2][body] GET https://runtimeconfig.googleapis.com/v1beta1/projects/abigold/configs {}
[debug] [2025-01-17T08:45:38.367Z] Validating nodejs source
[debug] [2025-01-17T08:45:38.876Z] > [functions] package.json contents: {
  "name": "resonance-next",
  "version": "1.4.0",
  "private": true,
  "dependencies": {
    "@popperjs/core": "2.11.8",
    "bcryptjs": "^2.4.3",
    "bootstrap": "^5.1.3",
    "chart.js": "^4.4.7",
    "dotenv": "^16.4.7",
    "firebase": "^11.1.0",
    "imagesloaded": "^5.0.0",
    "isotope-layout": "^3.0.6",
    "jarallax": "^2.2.1",
    "jsonwebtoken": "^9.0.2",
    "lucide-react": "^0.456.0",
    "next": "14.2.14",
    "photoswipe": "^5.4.4",
    "react": "^18",
    "react-chartjs-2": "^5.2.0",
    "react-data-table-component": "^7.6.2",
    "react-datepicker": "^7.5.0",
    "react-dom": "^18",
    "react-modal-video": "^2.0.2",
    "react-photoswipe-gallery": "^3.0.1",
    "rellax": "^1.12.1",
    "sweetalert2": "^11.14.5",
    "swiper": "^11.1.4",
    "tippy.js": "^6.3.7",
    "typewriter-effect": "^2.21.0",
    "wowjs": "^1.1.3",
    "sharp": "^0.32 || ^0.33",
    "firebase-frameworks": "^0.11.0",
    "firebase-functions": "^6.0.1",
    "firebase-admin": "^11.11.1"
  },
  "main": "server.js",
  "engines": {
    "node": "20"
  }
}
[debug] [2025-01-17T08:45:38.876Z] Building nodejs source
[info] i  functions: Loading and analyzing source code for codebase firebase-frameworks-abigold to determine what to deploy 
[debug] [2025-01-17T08:45:38.876Z] Could not find functions.yaml. Must use http discovery
[debug] [2025-01-17T08:45:38.883Z] Found firebase-functions binary at '/Users/mac/Documents/WebNew/abigold/.firebase/abigold/functions/node_modules/.bin/firebase-functions'
[info] Serving at port 8288

[debug] [2025-01-17T08:45:39.290Z] Got response from /__/functions.yaml {"endpoints":{"ssrabigold":{"availableMemoryMb":null,"timeoutSeconds":null,"minInstances":null,"maxInstances":null,"ingressSettings":null,"concurrency":null,"serviceAccountEmail":null,"vpc":null,"platform":"gcfv2","region":["asia-east1"],"labels":{},"httpsTrigger":{},"entryPoint":"ssrabigold"}},"specVersion":"v1alpha1","requiredAPIs":[],"extensions":{}}
[info] i  extensions: ensuring required API firebaseextensions.googleapis.com is enabled... 
[debug] [2025-01-17T08:45:43.311Z] Checked if tokens are valid: true, expires at: 1737105639209
[debug] [2025-01-17T08:45:43.311Z] Checked if tokens are valid: true, expires at: 1737105639209
[debug] [2025-01-17T08:45:43.311Z] >>> [apiv2][query] GET https://serviceusage.googleapis.com/v1/projects/abigold/services/firebaseextensions.googleapis.com [none]
[debug] [2025-01-17T08:45:43.311Z] >>> [apiv2][(partial)header] GET https://serviceusage.googleapis.com/v1/projects/abigold/services/firebaseextensions.googleapis.com x-goog-quota-user=projects/abigold
[debug] [2025-01-17T08:45:44.943Z] <<< [apiv2][status] GET https://serviceusage.googleapis.com/v1/projects/abigold/services/firebaseextensions.googleapis.com 200
[debug] [2025-01-17T08:45:44.943Z] <<< [apiv2][body] GET https://serviceusage.googleapis.com/v1/projects/abigold/services/firebaseextensions.googleapis.com [omitted]
[info] ✔  extensions: required API firebaseextensions.googleapis.com is enabled 
[debug] [2025-01-17T08:45:44.943Z] > command requires scopes: ["email","openid","https://www.googleapis.com/auth/cloudplatformprojects.readonly","https://www.googleapis.com/auth/firebase","https://www.googleapis.com/auth/cloud-platform"]
[debug] [2025-01-17T08:45:44.943Z] > authorizing via signed-in user (hilyatulw@gmail.com)
[debug] [2025-01-17T08:45:44.943Z] [iam] checking project abigold for permissions ["firebase.projects.get","firebaseextensions.instances.list"]
[debug] [2025-01-17T08:45:44.944Z] Checked if tokens are valid: true, expires at: 1737105639209
[debug] [2025-01-17T08:45:44.944Z] Checked if tokens are valid: true, expires at: 1737105639209
[debug] [2025-01-17T08:45:44.944Z] >>> [apiv2][query] POST https://cloudresourcemanager.googleapis.com/v1/projects/abigold:testIamPermissions [none]
[debug] [2025-01-17T08:45:44.944Z] >>> [apiv2][(partial)header] POST https://cloudresourcemanager.googleapis.com/v1/projects/abigold:testIamPermissions x-goog-quota-user=projects/abigold
[debug] [2025-01-17T08:45:44.944Z] >>> [apiv2][body] POST https://cloudresourcemanager.googleapis.com/v1/projects/abigold:testIamPermissions {"permissions":["firebase.projects.get","firebaseextensions.instances.list"]}
[debug] [2025-01-17T08:45:45.974Z] <<< [apiv2][status] POST https://cloudresourcemanager.googleapis.com/v1/projects/abigold:testIamPermissions 200
[debug] [2025-01-17T08:45:45.974Z] <<< [apiv2][body] POST https://cloudresourcemanager.googleapis.com/v1/projects/abigold:testIamPermissions {"permissions":["firebase.projects.get","firebaseextensions.instances.list"]}
[debug] [2025-01-17T08:45:45.975Z] Checked if tokens are valid: true, expires at: 1737105639209
[debug] [2025-01-17T08:45:45.975Z] Checked if tokens are valid: true, expires at: 1737105639209
[debug] [2025-01-17T08:45:45.975Z] >>> [apiv2][query] GET https://firebaseextensions.googleapis.com/v1beta/projects/abigold/instances pageSize=100&pageToken=
[debug] [2025-01-17T08:45:47.307Z] <<< [apiv2][status] GET https://firebaseextensions.googleapis.com/v1beta/projects/abigold/instances 200
[debug] [2025-01-17T08:45:47.307Z] <<< [apiv2][body] GET https://firebaseextensions.googleapis.com/v1beta/projects/abigold/instances {}
[info] i  functions: Loaded environment variables from .env. 
[info] i  functions: preparing .firebase/abigold/functions directory for uploading... 
[info] i  functions: packaged /Users/mac/Documents/WebNew/abigold/.firebase/abigold/functions (62.03 MB) for uploading 
[debug] [2025-01-17T08:45:50.608Z] Checked if tokens are valid: true, expires at: 1737105639209
[debug] [2025-01-17T08:45:50.608Z] Checked if tokens are valid: true, expires at: 1737105639209
[debug] [2025-01-17T08:45:50.608Z] >>> [apiv2][query] GET https://cloudfunctions.googleapis.com/v1/projects/abigold/locations/-/functions [none]
[debug] [2025-01-17T08:45:51.399Z] <<< [apiv2][status] GET https://cloudfunctions.googleapis.com/v1/projects/abigold/locations/-/functions 200
[debug] [2025-01-17T08:45:51.399Z] <<< [apiv2][body] GET https://cloudfunctions.googleapis.com/v1/projects/abigold/locations/-/functions {}
[debug] [2025-01-17T08:45:51.400Z] Checked if tokens are valid: true, expires at: 1737105639209
[debug] [2025-01-17T08:45:51.400Z] Checked if tokens are valid: true, expires at: 1737105639209
[debug] [2025-01-17T08:45:51.400Z] >>> [apiv2][query] GET https://cloudfunctions.googleapis.com/v2/projects/abigold/locations/-/functions filter=environment%3D%22GEN_2%22
[debug] [2025-01-17T08:50:23.234Z] ----------------------------------------------------------------------
[debug] [2025-01-17T08:50:23.237Z] Command:       /Users/mac/.nvm/versions/node/v20.18.0/bin/node /usr/local/bin/firebase deploy
[debug] [2025-01-17T08:50:23.237Z] CLI Version:   13.25.0
[debug] [2025-01-17T08:50:23.238Z] Platform:      darwin
[debug] [2025-01-17T08:50:23.238Z] Node Version:  v20.18.0
[debug] [2025-01-17T08:50:23.238Z] Time:          Fri Jan 17 2025 16:50:23 GMT+0800 (Singapore Standard Time)
[debug] [2025-01-17T08:50:23.238Z] ----------------------------------------------------------------------
[debug] 
[debug] [2025-01-17T08:50:23.303Z] > command requires scopes: ["email","openid","https://www.googleapis.com/auth/cloudplatformprojects.readonly","https://www.googleapis.com/auth/firebase","https://www.googleapis.com/auth/cloud-platform"]
[debug] [2025-01-17T08:50:23.303Z] > authorizing via signed-in user (hilyatulw@gmail.com)
[debug] [2025-01-17T08:50:23.304Z] [iam] checking project abigold for permissions ["firebase.projects.get","firebasehosting.sites.update"]
[debug] [2025-01-17T08:50:23.304Z] Checked if tokens are valid: true, expires at: 1737105639209
[debug] [2025-01-17T08:50:23.305Z] Checked if tokens are valid: true, expires at: 1737105639209
[debug] [2025-01-17T08:50:23.306Z] >>> [apiv2][query] POST https://cloudresourcemanager.googleapis.com/v1/projects/abigold:testIamPermissions [none]
[debug] [2025-01-17T08:50:23.306Z] >>> [apiv2][(partial)header] POST https://cloudresourcemanager.googleapis.com/v1/projects/abigold:testIamPermissions x-goog-quota-user=projects/abigold
[debug] [2025-01-17T08:50:23.306Z] >>> [apiv2][body] POST https://cloudresourcemanager.googleapis.com/v1/projects/abigold:testIamPermissions {"permissions":["firebase.projects.get","firebasehosting.sites.update"]}
[debug] [2025-01-17T08:50:24.476Z] <<< [apiv2][status] POST https://cloudresourcemanager.googleapis.com/v1/projects/abigold:testIamPermissions 200
[debug] [2025-01-17T08:50:24.477Z] <<< [apiv2][body] POST https://cloudresourcemanager.googleapis.com/v1/projects/abigold:testIamPermissions {"permissions":["firebase.projects.get","firebasehosting.sites.update"]}
[debug] [2025-01-17T08:50:24.477Z] Checked if tokens are valid: true, expires at: 1737105639209
[debug] [2025-01-17T08:50:24.477Z] Checked if tokens are valid: true, expires at: 1737105639209
[debug] [2025-01-17T08:50:24.477Z] >>> [apiv2][query] GET https://firebase.googleapis.com/v1beta1/projects/abigold [none]
[debug] [2025-01-17T08:50:24.914Z] <<< [apiv2][status] GET https://firebase.googleapis.com/v1beta1/projects/abigold 200
[debug] [2025-01-17T08:50:24.914Z] <<< [apiv2][body] GET https://firebase.googleapis.com/v1beta1/projects/abigold {"projectId":"abigold","projectNumber":"14598389782","displayName":"abigold","name":"projects/abigold","resources":{"hostingSite":"abigold","realtimeDatabaseInstance":"abigold-default-rtdb"},"state":"ACTIVE","etag":"1_a0eb6b8c-d33d-4cb8-8ab2-281642741ebf"}
[debug] [2025-01-17T08:50:26.284Z] Checked if tokens are valid: true, expires at: 1737105639209
[debug] [2025-01-17T08:50:26.285Z] Checked if tokens are valid: true, expires at: 1737105639209
[debug] [2025-01-17T08:50:26.285Z] >>> [apiv2][query] GET https://firebasehosting.googleapis.com/v1beta1/projects/abigold/sites pageToken=&pageSize=10
[debug] [2025-01-17T08:50:26.976Z] <<< [apiv2][status] GET https://firebasehosting.googleapis.com/v1beta1/projects/abigold/sites 200
[debug] [2025-01-17T08:50:26.977Z] <<< [apiv2][body] GET https://firebasehosting.googleapis.com/v1beta1/projects/abigold/sites {"sites":[{"name":"projects/abigold/sites/abigold","defaultUrl":"https://abigold.web.app","type":"DEFAULT_SITE"}]}
[debug] [2025-01-17T08:50:26.977Z] Checked if tokens are valid: true, expires at: 1737105639209
[debug] [2025-01-17T08:50:26.977Z] Checked if tokens are valid: true, expires at: 1737105639209
[debug] [2025-01-17T08:50:26.977Z] >>> [apiv2][query] GET https://firebasehosting.googleapis.com/v1beta1/projects/abigold/sites 
[debug] [2025-01-17T08:50:27.572Z] <<< [apiv2][status] GET https://firebasehosting.googleapis.com/v1beta1/projects/abigold/sites 200
[debug] [2025-01-17T08:50:27.572Z] <<< [apiv2][body] GET https://firebasehosting.googleapis.com/v1beta1/projects/abigold/sites {"sites":[{"name":"projects/abigold/sites/abigold","defaultUrl":"https://abigold.web.app","type":"DEFAULT_SITE"}]}
[debug] [2025-01-17T08:50:27.573Z] Checked if tokens are valid: true, expires at: 1737105639209
[debug] [2025-01-17T08:50:27.573Z] Checked if tokens are valid: true, expires at: 1737105639209
[debug] [2025-01-17T08:50:27.573Z] >>> [apiv2][query] GET https://firebase.googleapis.com/v1beta1/projects/abigold/webApps/-/config [none]
[debug] [2025-01-17T08:50:28.499Z] <<< [apiv2][status] GET https://firebase.googleapis.com/v1beta1/projects/abigold/webApps/-/config 200
[debug] [2025-01-17T08:50:28.500Z] <<< [apiv2][body] GET https://firebase.googleapis.com/v1beta1/projects/abigold/webApps/-/config {"projectId":"abigold","appId":"1:14598389782:web:51530c5be05abb7668f537","databaseURL":"https://abigold-default-rtdb.asia-southeast1.firebasedatabase.app","storageBucket":"abigold.firebasestorage.app","apiKey":"AIzaSyCXQWPKOKImeobMyNntaNzelqm2GMmultk","authDomain":"abigold.firebaseapp.com","messagingSenderId":"14598389782","measurementId":"G-1T42L7QE8M"}
[info] 
   Thank you for trying our early preview of Next.js support on Firebase Hosting.
   During the preview, support is best-effort and breaking changes can be expected. Proceed with caution.

   Documentation: https://firebase.google.com/docs/hosting/frameworks/nextjs
   File a bug: https://github.com/firebase/firebase-tools/issues/new?template=bug_report.md
   Submit a feature request: https://github.com/firebase/firebase-tools/issues/new?template=feature_request.md

   We'd love to learn from you. Express your interest in helping us shape the future of Firebase Hosting: https://goo.gle/41enW5X

[debug] [2025-01-17T08:50:31.154Z] Checked if tokens are valid: true, expires at: 1737105639209
[debug] [2025-01-17T08:50:31.154Z] Checked if tokens are valid: true, expires at: 1737105639209
[debug] [2025-01-17T08:50:31.155Z] >>> [apiv2][query] GET https://firebasehosting.googleapis.com/v1beta1/projects/abigold/sites/abigold [none]
[debug] [2025-01-17T08:50:31.565Z] <<< [apiv2][status] GET https://firebasehosting.googleapis.com/v1beta1/projects/abigold/sites/abigold 200
[debug] [2025-01-17T08:50:31.565Z] <<< [apiv2][body] GET https://firebasehosting.googleapis.com/v1beta1/projects/abigold/sites/abigold {"name":"projects/abigold/sites/abigold","defaultUrl":"https://abigold.web.app","type":"DEFAULT_SITE"}
[info]   ▲ Next.js 14.2.14

[info]   - Environments: .env


[info]    Creating an optimized production build ...

[info]  ✓ Compiled successfully

[info]    Linting and checking validity of types ...

[info]    Collecting page data ...

[info]    Generating static pages (0/10) ...

[info]    Generating static pages (2/10) 

[info]    Generating static pages (4/10) 

[info]    Generating static pages (7/10) 

[info]  ✓ Generating static pages (10/10)

[info]    Finalizing page optimization ...
   Collecting build traces ...

